2026-07-01 22:57:57,790 INFO o.a.j.u.JMeterUtils: Setting Locale to en_EN
2026-07-01 22:57:57,799 INFO o.a.j.JMeter: Loading user properties from: C:\apache-jmeter-5.6.3\bin\user.properties
2026-07-01 22:57:57,799 INFO o.a.j.JMeter: Loading system properties from: C:\apache-jmeter-5.6.3\bin\system.properties
2026-07-01 22:57:57,803 INFO o.a.j.JMeter: Copyright (c) 1998-2024 The Apache Software Foundation
2026-07-01 22:57:57,803 INFO o.a.j.JMeter: Version 5.6.3
2026-07-01 22:57:57,803 INFO o.a.j.JMeter: java.version=1.8.0_471
2026-07-01 22:57:57,805 INFO o.a.j.JMeter: java.vm.name=Java HotSpot(TM) 64-Bit Server VM
2026-07-01 22:57:57,805 INFO o.a.j.JMeter: os.name=Windows 10
2026-07-01 22:57:57,805 INFO o.a.j.JMeter: os.arch=amd64
2026-07-01 22:57:57,805 INFO o.a.j.JMeter: os.version=10.0
2026-07-01 22:57:57,805 INFO o.a.j.JMeter: file.encoding=Cp1252
2026-07-01 22:57:57,805 INFO o.a.j.JMeter: java.awt.headless=true
2026-07-01 22:57:57,805 INFO o.a.j.JMeter: Max memory     =1073741824
2026-07-01 22:57:57,805 INFO o.a.j.JMeter: Available Processors =12
2026-07-01 22:57:57,808 INFO o.a.j.JMeter: Default Locale=English (EN)
2026-07-01 22:57:57,808 INFO o.a.j.JMeter: JMeter  Locale=English (EN)
2026-07-01 22:57:57,808 INFO o.a.j.JMeter: JMeterHome=C:\apache-jmeter-5.6.3
2026-07-01 22:57:57,808 INFO o.a.j.JMeter: user.dir  =C:\Users\Usuario\Nueva carpeta (2)\jmeter-pruebas
2026-07-01 22:57:57,808 INFO o.a.j.JMeter: PWD       =C:\Users\Usuario\Nueva carpeta (2)\jmeter-pruebas
2026-07-01 22:57:57,809 INFO o.a.j.JMeter: IP: 172.24.208.1 Name: DESKTOP-9TDI3JC FullName: DESKTOP-9TDI3JC.mshome.net
2026-07-01 22:57:57,821 INFO o.a.j.JMeter: Setting property 'jmeter.reportgenerator.outputdir' to:'C:\Users\Usuario\Nueva carpeta (2)\jmeter-pruebas\reporte_picos'
2026-07-01 22:57:57,822 INFO o.a.j.s.FileServer: Default base='C:\Users\Usuario\Nueva carpeta (2)\jmeter-pruebas'
2026-07-01 22:57:57,824 INFO o.a.j.s.FileServer: Set new base='C:\Users\Usuario\Nueva carpeta (2)\jmeter-pruebas'
2026-07-01 22:57:57,915 INFO o.a.j.s.SaveService: Testplan (JMX) version: 2.2. Testlog (JTL) version: 2.2
2026-07-01 22:57:57,932 INFO o.a.j.s.SaveService: Using SaveService properties file encoding UTF-8
2026-07-01 22:57:57,937 INFO o.a.j.s.SaveService: Using SaveService properties version 5.0
2026-07-01 22:57:57,942 INFO o.a.j.s.SaveService: Loading file: picos.jmx
2026-07-01 22:57:57,996 INFO o.a.j.p.h.s.HTTPSamplerBase: Parser for text/html is org.apache.jmeter.protocol.http.parser.LagartoBasedHtmlParser
2026-07-01 22:57:57,997 INFO o.a.j.p.h.s.HTTPSamplerBase: Parser for application/xhtml+xml is org.apache.jmeter.protocol.http.parser.LagartoBasedHtmlParser
2026-07-01 22:57:57,997 INFO o.a.j.p.h.s.HTTPSamplerBase: Parser for application/xml is org.apache.jmeter.protocol.http.parser.LagartoBasedHtmlParser
2026-07-01 22:57:57,997 INFO o.a.j.p.h.s.HTTPSamplerBase: Parser for text/xml is org.apache.jmeter.protocol.http.parser.LagartoBasedHtmlParser
2026-07-01 22:57:57,997 INFO o.a.j.p.h.s.HTTPSamplerBase: Parser for text/vnd.wap.wml is org.apache.jmeter.protocol.http.parser.RegexpHTMLParser
2026-07-01 22:57:57,997 INFO o.a.j.p.h.s.HTTPSamplerBase: Parser for text/css is org.apache.jmeter.protocol.http.parser.CssParser
2026-07-01 22:57:58,186 INFO o.a.j.JMeter: Creating summariser <summary>
2026-07-01 22:57:58,190 INFO o.a.j.r.d.ReportGenerator: ReportGenerator will use for Parsing the separator: ','
2026-07-01 22:57:58,190 INFO o.a.j.r.d.ReportGenerator: Will generate report at end of test from  results file: picos.jtl
2026-07-01 22:57:58,190 INFO o.a.j.r.d.ReportGenerator: Reading report generator properties from: C:\apache-jmeter-5.6.3\bin\reportgenerator.properties
2026-07-01 22:57:58,190 INFO o.a.j.r.d.ReportGenerator: Merging with JMeter properties
2026-07-01 22:57:58,194 INFO o.a.j.r.c.ReportGeneratorConfiguration: Property 'jmeter.reportgenerator.temp_dir' not found, using default value 'temp' instead.
2026-07-01 22:57:58,196 INFO o.a.j.r.c.ReportGeneratorConfiguration: Property 'jmeter.reportgenerator.apdex_per_transaction' not found, using default value 'null' instead.
2026-07-01 22:57:58,196 INFO o.a.j.r.c.ReportGeneratorConfiguration: apdex_per_transaction is empty, not APDEX per transaction customization
2026-07-01 22:57:58,196 INFO o.a.j.r.c.ReportGeneratorConfiguration: Property 'jmeter.reportgenerator.sample_filter' not found, using default value 'null' instead.
2026-07-01 22:57:58,196 INFO o.a.j.r.c.ReportGeneratorConfiguration: Property 'jmeter.reportgenerator.report_title' not found, using default value 'null' instead.
2026-07-01 22:57:58,196 INFO o.a.j.r.c.ReportGeneratorConfiguration: Property 'jmeter.reportgenerator.start_date' not found, using default value 'null' instead.
2026-07-01 22:57:58,196 INFO o.a.j.r.c.ReportGeneratorConfiguration: Property 'jmeter.reportgenerator.end_date' not found, using default value 'null' instead.
2026-07-01 22:57:58,196 INFO o.a.j.r.c.ReportGeneratorConfiguration: Property 'jmeter.reportgenerator.date_format' not found, using default value 'null' instead.
2026-07-01 22:57:58,197 INFO o.a.j.r.c.ReportGeneratorConfiguration: Will use date range start date: null, end date: null
2026-07-01 22:57:58,200 INFO o.a.j.r.c.ReportGeneratorConfiguration: Property 'jmeter.reportgenerator.graph.totalTPS.exclude_controllers' not found, using default value 'false' instead.
2026-07-01 22:57:58,200 INFO o.a.j.r.c.ReportGeneratorConfiguration: Property 'jmeter.reportgenerator.graph.activeThreadsOverTime.exclude_controllers' not found, using default value 'false' instead.
2026-07-01 22:57:58,200 INFO o.a.j.r.c.ReportGeneratorConfiguration: Property 'jmeter.reportgenerator.graph.timeVsThreads.exclude_controllers' not found, using default value 'false' instead.
2026-07-01 22:57:58,200 INFO o.a.j.r.c.ReportGeneratorConfiguration: Property 'jmeter.reportgenerator.graph.responseTimeDistribution.exclude_controllers' not found, using default value 'false' instead.
2026-07-01 22:57:58,200 INFO o.a.j.r.c.ReportGeneratorConfiguration: Property 'jmeter.reportgenerator.graph.transactionsPerSecond.exclude_controllers' not found, using default value 'false' instead.
2026-07-01 22:57:58,200 INFO o.a.j.r.c.ReportGeneratorConfiguration: Property 'jmeter.reportgenerator.graph.responseTimePercentiles.exclude_controllers' not found, using default value 'false' instead.
2026-07-01 22:57:58,200 INFO o.a.j.r.c.ReportGeneratorConfiguration: Property 'jmeter.reportgenerator.graph.responseTimePercentilesOverTime.exclude_controllers' not found, using default value 'false' instead.
2026-07-01 22:57:58,200 INFO o.a.j.r.c.ReportGeneratorConfiguration: Property 'jmeter.reportgenerator.graph.responseTimesOverTime.exclude_controllers' not found, using default value 'false' instead.
2026-07-01 22:57:58,201 INFO o.a.j.r.c.ReportGeneratorConfiguration: Property 'jmeter.reportgenerator.graph.connectTimeOverTime.exclude_controllers' not found, using default value 'false' instead.
2026-07-01 22:57:58,201 INFO o.a.j.r.c.ReportGeneratorConfiguration: Property 'jmeter.reportgenerator.graph.latenciesOverTime.exclude_controllers' not found, using default value 'false' instead.
2026-07-01 22:57:58,201 INFO o.a.j.r.c.ReportGeneratorConfiguration: Property 'jmeter.reportgenerator.exporter.json.filters_only_sample_series' not found, using default value 'true' instead.
2026-07-01 22:57:58,201 INFO o.a.j.r.c.ReportGeneratorConfiguration: Property 'jmeter.reportgenerator.exporter.json.series_filter' not found, using default value '' instead.
2026-07-01 22:57:58,201 INFO o.a.j.r.c.ReportGeneratorConfiguration: Property 'jmeter.reportgenerator.exporter.json.show_controllers_only' not found, using default value 'false' instead.
2026-07-01 22:57:58,202 INFO o.a.j.r.c.ReportGeneratorConfiguration: Property 'jmeter.reportgenerator.exporter.html.filters_only_sample_series' not found, using default value 'true' instead.
2026-07-01 22:57:58,202 INFO o.a.j.r.c.ReportGeneratorConfiguration: Property 'jmeter.reportgenerator.exporter.html.series_filter' not found, using default value '' instead.
2026-07-01 22:57:58,202 INFO o.a.j.r.c.ReportGeneratorConfiguration: Property 'jmeter.reportgenerator.exporter.html.show_controllers_only' not found, using default value 'false' instead.
2026-07-01 22:57:58,208 INFO o.a.j.e.StandardJMeterEngine: Running the test!
2026-07-01 22:57:58,209 INFO o.a.j.s.SampleEvent: List of sample_variables: []
2026-07-01 22:57:58,209 INFO o.a.j.s.SampleEvent: List of sample_variables: []
2026-07-01 22:57:58,213 INFO o.a.j.e.u.CompoundVariable: Note: Function class names must contain the string: '.functions.'
2026-07-01 22:57:58,213 INFO o.a.j.e.u.CompoundVariable: Note: Function class names must not contain the string: '.gui.'
2026-07-01 22:57:58,425 INFO o.a.j.JMeter: Running test (1782961078425)
2026-07-01 22:57:58,467 INFO o.a.j.e.StandardJMeterEngine: Starting ThreadGroup: 1 : Thread Group
2026-07-01 22:57:58,467 INFO o.a.j.e.StandardJMeterEngine: Starting 200 threads for group Thread Group.
2026-07-01 22:57:58,468 INFO o.a.j.e.StandardJMeterEngine: Thread will continue on error
2026-07-01 22:57:58,468 INFO o.a.j.t.ThreadGroup: Starting thread group... number=1 threads=200 ramp-up=5 delayedStart=false
2026-07-01 22:57:58,541 INFO o.a.j.t.ThreadGroup: Started thread group number 1
2026-07-01 22:57:58,541 INFO o.a.j.e.StandardJMeterEngine: All thread groups have been started
2026-07-01 22:57:58,562 INFO o.a.j.t.JMeterThread: Thread started: Thread Group 1-1
2026-07-01 22:57:58,564 INFO o.a.j.s.FileServer: Stored: ids.csv
2026-07-01 22:57:58,588 INFO o.a.j.t.JMeterThread: Thread started: Thread Group 1-2
2026-07-01 22:57:58,609 INFO o.a.j.t.JMeterThread: Thread started: Thread Group 1-3
2026-07-01 22:57:58,639 INFO o.a.j.t.JMeterThread: Thread started: Thread Group 1-4
2026-07-01 22:57:58,658 INFO o.a.j.t.JMeterThread: Thread started: Thread Group 1-5
2026-07-01 22:57:58,679 INFO o.a.j.t.JMeterThread: Thread started: Thread Group 1-6
2026-07-01 22:57:58,703 INFO o.a.j.t.JMeterThread: Thread started: Thread Group 1-7
2026-07-01 22:57:58,730 INFO o.a.j.t.JMeterThread: Thread started: Thread Group 1-8
2026-07-01 22:57:58,757 INFO o.a.j.t.JMeterThread: Thread started: Thread Group 1-9
2026-07-01 22:57:58,780 INFO o.a.j.t.JMeterThread: Thread started: Thread Group 1-10
2026-07-01 22:57:58,806 INFO o.a.j.t.JMeterThread: Thread started: Thread Group 1-11
2026-07-01 22:57:58,829 INFO o.a.j.t.JMeterThread: Thread started: Thread Group 1-12
2026-07-01 22:57:58,855 INFO o.a.j.t.JMeterThread: Thread started: Thread Group 1-13
2026-07-01 22:57:58,875 INFO o.a.j.t.JMeterThread: Thread started: Thread Group 1-14
2026-07-01 22:57:58,892 INFO o.a.j.p.h.s.HTTPHCAbstractImpl: Local host = DESKTOP-9TDI3JC
2026-07-01 22:57:58,896 INFO o.a.j.p.h.s.HTTPHC4Impl: HTTP request retry count = 0
2026-07-01 22:57:58,897 INFO o.a.j.s.SampleResult: Note: Sample TimeStamps are START times
2026-07-01 22:57:58,897 INFO o.a.j.s.SampleResult: sampleresult.default.encoding is set to UTF-8
2026-07-01 22:57:58,897 INFO o.a.j.s.SampleResult: sampleresult.useNanoTime=true
2026-07-01 22:57:58,897 INFO o.a.j.s.SampleResult: sampleresult.nanoThreadSleep=5000
2026-07-01 22:57:58,900 INFO o.a.j.t.JMeterThread: Thread started: Thread Group 1-15
2026-07-01 22:57:58,927 INFO o.a.j.t.JMeterThread: Thread started: Thread Group 1-16
2026-07-01 22:57:58,952 INFO o.a.j.t.JMeterThread: Thread started: Thread Group 1-17
2026-07-01 22:57:58,975 INFO o.a.j.t.JMeterThread: Thread started: Thread Group 1-18
2026-07-01 22:57:58,999 INFO o.a.j.t.JMeterThread: Thread started: Thread Group 1-19
2026-07-01 22:57:59,020 INFO o.a.j.t.JMeterThread: Thread started: Thread Group 1-20
2026-07-01 22:57:59,052 INFO o.a.j.t.JMeterThread: Thread started: Thread Group 1-21
2026-07-01 22:57:59,074 INFO o.a.j.t.JMeterThread: Thread started: Thread Group 1-22
2026-07-01 22:57:59,100 INFO o.a.j.t.JMeterThread: Thread started: Thread Group 1-23
2026-07-01 22:57:59,126 INFO o.a.j.t.JMeterThread: Thread started: Thread Group 1-24
2026-07-01 22:57:59,151 INFO o.a.j.t.JMeterThread: Thread started: Thread Group 1-25
2026-07-01 22:57:59,175 INFO o.a.j.t.JMeterThread: Thread started: Thread Group 1-26
2026-07-01 22:57:59,198 INFO o.a.j.t.JMeterThread: Thread started: Thread Group 1-27
2026-07-01 22:57:59,224 INFO o.a.j.t.JMeterThread: Thread started: Thread Group 1-28
2026-07-01 22:57:59,249 INFO o.a.j.t.JMeterThread: Thread started: Thread Group 1-29
2026-07-01 22:57:59,270 INFO o.a.j.t.JMeterThread: Thread started: Thread Group 1-30
2026-07-01 22:57:59,295 INFO o.a.j.t.JMeterThread: Thread started: Thread Group 1-31
2026-07-01 22:57:59,324 INFO o.a.j.t.JMeterThread: Thread started: Thread Group 1-32
2026-07-01 22:57:59,348 INFO o.a.j.t.JMeterThread: Thread started: Thread Group 1-33
2026-07-01 22:57:59,372 INFO o.a.j.t.JMeterThread: Thread started: Thread Group 1-34
2026-07-01 22:57:59,395 INFO o.a.j.t.JMeterThread: Thread started: Thread Group 1-35
2026-07-01 22:57:59,418 INFO o.a.j.t.JMeterThread: Thread started: Thread Group 1-36
2026-07-01 22:57:59,447 INFO o.a.j.t.JMeterThread: Thread started: Thread Group 1-37
2026-07-01 22:57:59,468 INFO o.a.j.t.JMeterThread: Thread started: Thread Group 1-38
2026-07-01 22:57:59,498 INFO o.a.j.t.JMeterThread: Thread started: Thread Group 1-39
2026-07-01 22:57:59,523 INFO o.a.j.t.JMeterThread: Thread started: Thread Group 1-40
2026-07-01 22:57:59,548 INFO o.a.j.t.JMeterThread: Thread started: Thread Group 1-41
2026-07-01 22:57:59,573 INFO o.a.j.t.JMeterThread: Thread started: Thread Group 1-42
2026-07-01 22:57:59,597 INFO o.a.j.t.JMeterThread: Thread started: Thread Group 1-43
2026-07-01 22:57:59,620 INFO o.a.j.t.JMeterThread: Thread started: Thread Group 1-44
2026-07-01 22:57:59,643 INFO o.a.j.t.JMeterThread: Thread started: Thread Group 1-45
2026-07-01 22:57:59,670 INFO o.a.j.t.JMeterThread: Thread started: Thread Group 1-46
2026-07-01 22:57:59,694 INFO o.a.j.t.JMeterThread: Thread started: Thread Group 1-47
2026-07-01 22:57:59,719 INFO o.a.j.t.JMeterThread: Thread started: Thread Group 1-48
2026-07-01 22:57:59,742 INFO o.a.j.t.JMeterThread: Thread started: Thread Group 1-49
2026-07-01 22:57:59,769 INFO o.a.j.t.JMeterThread: Thread started: Thread Group 1-50
2026-07-01 22:57:59,790 INFO o.a.j.t.JMeterThread: Thread started: Thread Group 1-51
2026-07-01 22:57:59,815 INFO o.a.j.t.JMeterThread: Thread started: Thread Group 1-52
2026-07-01 22:57:59,838 INFO o.a.j.t.JMeterThread: Thread started: Thread Group 1-53
2026-07-01 22:57:59,868 INFO o.a.j.t.JMeterThread: Thread started: Thread Group 1-54
2026-07-01 22:57:59,894 INFO o.a.j.t.JMeterThread: Thread started: Thread Group 1-55
2026-07-01 22:57:59,916 INFO o.a.j.t.JMeterThread: Thread started: Thread Group 1-56
2026-07-01 22:57:59,941 INFO o.a.j.t.JMeterThread: Thread started: Thread Group 1-57
2026-07-01 22:57:59,963 INFO o.a.j.t.JMeterThread: Thread started: Thread Group 1-58
2026-07-01 22:57:59,988 INFO o.a.j.t.JMeterThread: Thread started: Thread Group 1-59
2026-07-01 22:58:00,013 INFO o.a.j.t.JMeterThread: Thread started: Thread Group 1-60
2026-07-01 22:58:00,039 INFO o.a.j.r.Summariser: summary +     14 in 00:00:02 =    8.7/s Avg:   448 Min:   150 Max:   781 Err:     0 (0.00%) Active: 60 Started: 60 Finished: 0
2026-07-01 22:58:00,040 INFO o.a.j.t.JMeterThread: Thread started: Thread Group 1-61
2026-07-01 22:58:00,065 INFO o.a.j.t.JMeterThread: Thread started: Thread Group 1-62
2026-07-01 22:58:00,091 INFO o.a.j.t.JMeterThread: Thread started: Thread Group 1-63
2026-07-01 22:58:00,116 INFO o.a.j.t.JMeterThread: Thread started: Thread Group 1-64
2026-07-01 22:58:00,141 INFO o.a.j.t.JMeterThread: Thread started: Thread Group 1-65
2026-07-01 22:58:00,164 INFO o.a.j.t.JMeterThread: Thread started: Thread Group 1-66
2026-07-01 22:58:00,191 INFO o.a.j.t.JMeterThread: Thread started: Thread Group 1-67
2026-07-01 22:58:00,214 INFO o.a.j.t.JMeterThread: Thread started: Thread Group 1-68
2026-07-01 22:58:00,239 INFO o.a.j.t.JMeterThread: Thread started: Thread Group 1-69
2026-07-01 22:58:00,259 INFO o.a.j.t.JMeterThread: Thread started: Thread Group 1-70
2026-07-01 22:58:00,288 INFO o.a.j.t.JMeterThread: Thread started: Thread Group 1-71
2026-07-01 22:58:00,315 INFO o.a.j.t.JMeterThread: Thread started: Thread Group 1-72
2026-07-01 22:58:00,340 INFO o.a.j.t.JMeterThread: Thread started: Thread Group 1-73
2026-07-01 22:58:00,364 INFO o.a.j.t.JMeterThread: Thread started: Thread Group 1-74
2026-07-01 22:58:00,384 INFO o.a.j.t.JMeterThread: Thread started: Thread Group 1-75
2026-07-01 22:58:00,409 INFO o.a.j.t.JMeterThread: Thread started: Thread Group 1-76
2026-07-01 22:58:00,436 INFO o.a.j.t.JMeterThread: Thread started: Thread Group 1-77
2026-07-01 22:58:00,458 INFO o.a.j.t.JMeterThread: Thread started: Thread Group 1-78
2026-07-01 22:58:00,489 INFO o.a.j.t.JMeterThread: Thread started: Thread Group 1-79
2026-07-01 22:58:00,508 INFO o.a.j.t.JMeterThread: Thread started: Thread Group 1-80
2026-07-01 22:58:00,535 INFO o.a.j.t.JMeterThread: Thread started: Thread Group 1-81
2026-07-01 22:58:00,560 INFO o.a.j.t.JMeterThread: Thread started: Thread Group 1-82
2026-07-01 22:58:00,588 INFO o.a.j.t.JMeterThread: Thread started: Thread Group 1-83
2026-07-01 22:58:00,612 INFO o.a.j.t.JMeterThread: Thread started: Thread Group 1-84
2026-07-01 22:58:00,635 INFO o.a.j.t.JMeterThread: Thread started: Thread Group 1-85
2026-07-01 22:58:00,660 INFO o.a.j.t.JMeterThread: Thread started: Thread Group 1-86
2026-07-01 22:58:00,681 INFO o.a.j.t.JMeterThread: Thread started: Thread Group 1-87
2026-07-01 22:58:00,708 INFO o.a.j.t.JMeterThread: Thread started: Thread Group 1-88
2026-07-01 22:58:00,734 INFO o.a.j.t.JMeterThread: Thread started: Thread Group 1-89
2026-07-01 22:58:00,760 INFO o.a.j.t.JMeterThread: Thread started: Thread Group 1-90
2026-07-01 22:58:00,779 INFO o.a.j.t.JMeterThread: Thread started: Thread Group 1-91
2026-07-01 22:58:00,806 INFO o.a.j.t.JMeterThread: Thread started: Thread Group 1-92
2026-07-01 22:58:00,831 INFO o.a.j.t.JMeterThread: Thread started: Thread Group 1-93
2026-07-01 22:58:00,859 INFO o.a.j.t.JMeterThread: Thread started: Thread Group 1-94
2026-07-01 22:58:00,863 INFO o.a.j.t.JMeterThread: Thread started: Thread Group 1-95
2026-07-01 22:58:00,889 INFO o.a.j.t.JMeterThread: Thread started: Thread Group 1-96
2026-07-01 22:58:00,912 INFO o.a.j.t.JMeterThread: Thread started: Thread Group 1-97
2026-07-01 22:58:00,940 INFO o.a.j.t.JMeterThread: Thread started: Thread Group 1-98
2026-07-01 22:58:00,960 INFO o.a.j.t.JMeterThread: Thread started: Thread Group 1-99
2026-07-01 22:58:00,982 INFO o.a.j.t.JMeterThread: Thread started: Thread Group 1-100
2026-07-01 22:58:01,009 INFO o.a.j.t.JMeterThread: Thread started: Thread Group 1-101
2026-07-01 22:58:01,037 INFO o.a.j.t.JMeterThread: Thread started: Thread Group 1-102
2026-07-01 22:58:01,063 INFO o.a.j.t.JMeterThread: Thread started: Thread Group 1-103
2026-07-01 22:58:01,084 INFO o.a.j.t.JMeterThread: Thread started: Thread Group 1-104
2026-07-01 22:58:01,107 INFO o.a.j.t.JMeterThread: Thread started: Thread Group 1-105
2026-07-01 22:58:01,136 INFO o.a.j.t.JMeterThread: Thread started: Thread Group 1-106
2026-07-01 22:58:01,159 INFO o.a.j.t.JMeterThread: Thread started: Thread Group 1-107
2026-07-01 22:58:01,180 INFO o.a.j.t.JMeterThread: Thread started: Thread Group 1-108
2026-07-01 22:58:01,210 INFO o.a.j.t.JMeterThread: Thread started: Thread Group 1-109
2026-07-01 22:58:01,232 INFO o.a.j.t.JMeterThread: Thread started: Thread Group 1-110
2026-07-01 22:58:01,260 INFO o.a.j.t.JMeterThread: Thread started: Thread Group 1-111
2026-07-01 22:58:01,282 INFO o.a.j.t.JMeterThread: Thread started: Thread Group 1-112
2026-07-01 22:58:01,310 INFO o.a.j.t.JMeterThread: Thread started: Thread Group 1-113
2026-07-01 22:58:01,337 INFO o.a.j.t.JMeterThread: Thread started: Thread Group 1-114
2026-07-01 22:58:01,356 INFO o.a.j.t.JMeterThread: Thread started: Thread Group 1-115
2026-07-01 22:58:01,386 INFO o.a.j.t.JMeterThread: Thread started: Thread Group 1-116
2026-07-01 22:58:01,410 INFO o.a.j.t.JMeterThread: Thread started: Thread Group 1-117
2026-07-01 22:58:01,435 INFO o.a.j.t.JMeterThread: Thread started: Thread Group 1-118
2026-07-01 22:58:01,460 INFO o.a.j.t.JMeterThread: Thread started: Thread Group 1-119
2026-07-01 22:58:01,485 INFO o.a.j.t.JMeterThread: Thread started: Thread Group 1-120
2026-07-01 22:58:01,510 INFO o.a.j.t.JMeterThread: Thread started: Thread Group 1-121
2026-07-01 22:58:01,530 INFO o.a.j.t.JMeterThread: Thread started: Thread Group 1-122
2026-07-01 22:58:01,555 INFO o.a.j.t.JMeterThread: Thread started: Thread Group 1-123
2026-07-01 22:58:01,581 INFO o.a.j.t.JMeterThread: Thread started: Thread Group 1-124
2026-07-01 22:58:01,607 INFO o.a.j.t.JMeterThread: Thread started: Thread Group 1-125
2026-07-01 22:58:01,634 INFO o.a.j.t.JMeterThread: Thread started: Thread Group 1-126
2026-07-01 22:58:01,652 INFO o.a.j.t.JMeterThread: Thread started: Thread Group 1-127
2026-07-01 22:58:01,684 INFO o.a.j.t.JMeterThread: Thread started: Thread Group 1-128
2026-07-01 22:58:01,706 INFO o.a.j.t.JMeterThread: Thread started: Thread Group 1-129
2026-07-01 22:58:01,730 INFO o.a.j.t.JMeterThread: Thread started: Thread Group 1-130
2026-07-01 22:58:01,756 INFO o.a.j.t.JMeterThread: Thread started: Thread Group 1-131
2026-07-01 22:58:01,777 INFO o.a.j.t.JMeterThread: Thread started: Thread Group 1-132
2026-07-01 22:58:01,803 INFO o.a.j.t.JMeterThread: Thread started: Thread Group 1-133
2026-07-01 22:58:01,829 INFO o.a.j.t.JMeterThread: Thread started: Thread Group 1-134
2026-07-01 22:58:01,855 INFO o.a.j.t.JMeterThread: Thread started: Thread Group 1-135
2026-07-01 22:58:01,877 INFO o.a.j.t.JMeterThread: Thread started: Thread Group 1-136
2026-07-01 22:58:01,900 INFO o.a.j.t.JMeterThread: Thread started: Thread Group 1-137
2026-07-01 22:58:01,924 INFO o.a.j.t.JMeterThread: Thread started: Thread Group 1-138
2026-07-01 22:58:01,953 INFO o.a.j.t.JMeterThread: Thread started: Thread Group 1-139
2026-07-01 22:58:01,975 INFO o.a.j.t.JMeterThread: Thread started: Thread Group 1-140
2026-07-01 22:58:02,005 INFO o.a.j.t.JMeterThread: Thread started: Thread Group 1-141
2026-07-01 22:58:02,030 INFO o.a.j.t.JMeterThread: Thread started: Thread Group 1-142
2026-07-01 22:58:02,052 INFO o.a.j.t.JMeterThread: Thread started: Thread Group 1-143
2026-07-01 22:58:02,078 INFO o.a.j.t.JMeterThread: Thread started: Thread Group 1-144
2026-07-01 22:58:02,104 INFO o.a.j.t.JMeterThread: Thread started: Thread Group 1-145
2026-07-01 22:58:02,128 INFO o.a.j.t.JMeterThread: Thread started: Thread Group 1-146
2026-07-01 22:58:02,155 INFO o.a.j.t.JMeterThread: Thread started: Thread Group 1-147
2026-07-01 22:58:02,172 INFO o.a.j.t.JMeterThread: Thread started: Thread Group 1-148
2026-07-01 22:58:02,201 INFO o.a.j.t.JMeterThread: Thread started: Thread Group 1-149
2026-07-01 22:58:02,227 INFO o.a.j.t.JMeterThread: Thread started: Thread Group 1-150
2026-07-01 22:58:02,248 INFO o.a.j.t.JMeterThread: Thread started: Thread Group 1-151
2026-07-01 22:58:02,278 INFO o.a.j.t.JMeterThread: Thread started: Thread Group 1-152
2026-07-01 22:58:02,302 INFO o.a.j.t.JMeterThread: Thread started: Thread Group 1-153
2026-07-01 22:58:02,325 INFO o.a.j.t.JMeterThread: Thread started: Thread Group 1-154
2026-07-01 22:58:02,354 INFO o.a.j.t.JMeterThread: Thread started: Thread Group 1-155
2026-07-01 22:58:02,376 INFO o.a.j.t.JMeterThread: Thread started: Thread Group 1-156
2026-07-01 22:58:02,401 INFO o.a.j.t.JMeterThread: Thread started: Thread Group 1-157
2026-07-01 22:58:02,428 INFO o.a.j.t.JMeterThread: Thread started: Thread Group 1-158
2026-07-01 22:58:02,452 INFO o.a.j.t.JMeterThread: Thread started: Thread Group 1-159
2026-07-01 22:58:02,475 INFO o.a.j.t.JMeterThread: Thread started: Thread Group 1-160
2026-07-01 22:58:02,502 INFO o.a.j.t.JMeterThread: Thread started: Thread Group 1-161
2026-07-01 22:58:02,521 INFO o.a.j.t.JMeterThread: Thread started: Thread Group 1-162
2026-07-01 22:58:02,551 INFO o.a.j.t.JMeterThread: Thread started: Thread Group 1-163
2026-07-01 22:58:02,574 INFO o.a.j.t.JMeterThread: Thread started: Thread Group 1-164
2026-07-01 22:58:02,600 INFO o.a.j.t.JMeterThread: Thread started: Thread Group 1-165
2026-07-01 22:58:02,622 INFO o.a.j.t.JMeterThread: Thread started: Thread Group 1-166
2026-07-01 22:58:02,650 INFO o.a.j.t.JMeterThread: Thread started: Thread Group 1-167
2026-07-01 22:58:02,675 INFO o.a.j.t.JMeterThread: Thread started: Thread Group 1-168
2026-07-01 22:58:02,700 INFO o.a.j.t.JMeterThread: Thread started: Thread Group 1-169
2026-07-01 22:58:02,719 INFO o.a.j.t.JMeterThread: Thread started: Thread Group 1-170
2026-07-01 22:58:02,745 INFO o.a.j.t.JMeterThread: Thread started: Thread Group 1-171
2026-07-01 22:58:02,771 INFO o.a.j.t.JMeterThread: Thread started: Thread Group 1-172
2026-07-01 22:58:02,796 INFO o.a.j.t.JMeterThread: Thread started: Thread Group 1-173
2026-07-01 22:58:02,823 INFO o.a.j.t.JMeterThread: Thread started: Thread Group 1-174
2026-07-01 22:58:02,844 INFO o.a.j.t.JMeterThread: Thread started: Thread Group 1-175
2026-07-01 22:58:02,874 INFO o.a.j.t.JMeterThread: Thread started: Thread Group 1-176
2026-07-01 22:58:02,893 INFO o.a.j.t.JMeterThread: Thread started: Thread Group 1-177
2026-07-01 22:58:02,922 INFO o.a.j.t.JMeterThread: Thread started: Thread Group 1-178
2026-07-01 22:58:02,945 INFO o.a.j.t.JMeterThread: Thread started: Thread Group 1-179
2026-07-01 22:58:02,967 INFO o.a.j.t.JMeterThread: Thread started: Thread Group 1-180
2026-07-01 22:58:02,992 INFO o.a.j.t.JMeterThread: Thread started: Thread Group 1-181
2026-07-01 22:58:03,023 INFO o.a.j.t.JMeterThread: Thread started: Thread Group 1-182
2026-07-01 22:58:03,047 INFO o.a.j.t.JMeterThread: Thread started: Thread Group 1-183
2026-07-01 22:58:03,073 INFO o.a.j.t.JMeterThread: Thread started: Thread Group 1-184
2026-07-01 22:58:03,095 INFO o.a.j.t.JMeterThread: Thread started: Thread Group 1-185
2026-07-01 22:58:03,122 INFO o.a.j.t.JMeterThread: Thread started: Thread Group 1-186
2026-07-01 22:58:03,154 INFO o.a.j.t.JMeterThread: Thread started: Thread Group 1-187
2026-07-01 22:58:03,167 INFO o.a.j.t.JMeterThread: Thread started: Thread Group 1-188
2026-07-01 22:58:03,194 INFO o.a.j.t.JMeterThread: Thread started: Thread Group 1-189
2026-07-01 22:58:03,217 INFO o.a.j.t.JMeterThread: Thread started: Thread Group 1-190
2026-07-01 22:58:03,242 INFO o.a.j.t.JMeterThread: Thread started: Thread Group 1-191
2026-07-01 22:58:03,262 INFO o.a.j.t.JMeterThread: Thread started: Thread Group 1-192
2026-07-01 22:58:03,287 INFO o.a.j.t.JMeterThread: Thread started: Thread Group 1-193
2026-07-01 22:58:03,315 INFO o.a.j.t.JMeterThread: Thread started: Thread Group 1-194
2026-07-01 22:58:03,338 INFO o.a.j.t.JMeterThread: Thread started: Thread Group 1-195
2026-07-01 22:58:03,362 INFO o.a.j.t.JMeterThread: Thread started: Thread Group 1-196
2026-07-01 22:58:03,386 INFO o.a.j.t.JMeterThread: Thread started: Thread Group 1-197
2026-07-01 22:58:03,418 INFO o.a.j.t.JMeterThread: Thread started: Thread Group 1-198
2026-07-01 22:58:03,437 INFO o.a.j.t.JMeterThread: Thread started: Thread Group 1-199
2026-07-01 22:58:03,467 INFO o.a.j.t.JMeterThread: Thread started: Thread Group 1-200
2026-07-01 22:58:30,038 INFO o.a.j.r.Summariser: summary +   1177 in 00:00:30 =   39.2/s Avg:  4256 Min:   255 Max:  8919 Err:  1140 (96.86%) Active: 200 Started: 200 Finished: 0
2026-07-01 22:58:30,039 INFO o.a.j.r.Summariser: summary =   1191 in 00:00:32 =   37.7/s Avg:  4211 Min:   150 Max:  8919 Err:  1140 (95.72%)
2026-07-01 22:59:00,017 INFO o.a.j.r.Summariser: summary +   1315 in 00:00:30 =   43.9/s Avg:  4299 Min:   709 Max:  8710 Err:  1312 (99.77%) Active: 200 Started: 200 Finished: 0
2026-07-01 22:59:00,018 INFO o.a.j.r.Summariser: summary =   2506 in 00:01:02 =   40.7/s Avg:  4257 Min:   150 Max:  8919 Err:  2452 (97.85%)
2026-07-01 22:59:30,030 INFO o.a.j.r.Summariser: summary +   1103 in 00:00:30 =   36.8/s Avg:  5056 Min:   951 Max:  9930 Err:  1103 (100.00%) Active: 200 Started: 200 Finished: 0
2026-07-01 22:59:30,031 INFO o.a.j.r.Summariser: summary =   3609 in 00:01:32 =   39.4/s Avg:  4501 Min:   150 Max:  9930 Err:  3555 (98.50%)
2026-07-01 23:00:00,010 INFO o.a.j.r.Summariser: summary +   1121 in 00:00:30 =   37.4/s Avg:  5227 Min:  1197 Max:  9812 Err:  1121 (100.00%) Active: 200 Started: 200 Finished: 0
2026-07-01 23:00:00,011 INFO o.a.j.r.Summariser: summary =   4730 in 00:02:02 =   38.9/s Avg:  4673 Min:   150 Max:  9930 Err:  4676 (98.86%)
2026-07-01 23:00:17,126 INFO o.a.j.t.JMeterThread: Thread is done: Thread Group 1-5
2026-07-01 23:00:17,126 INFO o.a.j.t.JMeterThread: Thread finished: Thread Group 1-5
2026-07-01 23:00:17,540 INFO o.a.j.t.JMeterThread: Thread is done: Thread Group 1-8
2026-07-01 23:00:17,540 INFO o.a.j.t.JMeterThread: Thread finished: Thread Group 1-8
2026-07-01 23:00:17,779 INFO o.a.j.t.JMeterThread: Thread is done: Thread Group 1-2
2026-07-01 23:00:17,779 INFO o.a.j.t.JMeterThread: Thread finished: Thread Group 1-2
2026-07-01 23:00:19,150 INFO o.a.j.t.JMeterThread: Thread is done: Thread Group 1-20
2026-07-01 23:00:19,150 INFO o.a.j.t.JMeterThread: Thread finished: Thread Group 1-20
2026-07-01 23:00:19,859 INFO o.a.j.t.JMeterThread: Thread is done: Thread Group 1-1
2026-07-01 23:00:19,859 INFO o.a.j.t.JMeterThread: Thread finished: Thread Group 1-1
2026-07-01 23:00:20,706 INFO o.a.j.t.JMeterThread: Thread is done: Thread Group 1-3
2026-07-01 23:00:20,706 INFO o.a.j.t.JMeterThread: Thread finished: Thread Group 1-3
2026-07-01 23:00:21,070 INFO o.a.j.t.JMeterThread: Thread is done: Thread Group 1-11
2026-07-01 23:00:21,070 INFO o.a.j.t.JMeterThread: Thread is done: Thread Group 1-12
2026-07-01 23:00:21,070 INFO o.a.j.t.JMeterThread: Thread is done: Thread Group 1-21
2026-07-01 23:00:21,070 INFO o.a.j.t.JMeterThread: Thread finished: Thread Group 1-11
2026-07-01 23:00:21,070 INFO o.a.j.t.JMeterThread: Thread finished: Thread Group 1-21
2026-07-01 23:00:21,070 INFO o.a.j.t.JMeterThread: Thread finished: Thread Group 1-12
2026-07-01 23:00:21,663 INFO o.a.j.t.JMeterThread: Thread is done: Thread Group 1-18
2026-07-01 23:00:21,663 INFO o.a.j.t.JMeterThread: Thread finished: Thread Group 1-18
2026-07-01 23:00:22,583 INFO o.a.j.t.JMeterThread: Thread is done: Thread Group 1-9
2026-07-01 23:00:22,584 INFO o.a.j.t.JMeterThread: Thread finished: Thread Group 1-9
2026-07-01 23:00:22,586 INFO o.a.j.t.JMeterThread: Thread is done: Thread Group 1-19
2026-07-01 23:00:22,586 INFO o.a.j.t.JMeterThread: Thread finished: Thread Group 1-19
2026-07-01 23:00:24,379 INFO o.a.j.t.JMeterThread: Thread is done: Thread Group 1-10
2026-07-01 23:00:24,379 INFO o.a.j.t.JMeterThread: Thread finished: Thread Group 1-10
2026-07-01 23:00:25,610 INFO o.a.j.t.JMeterThread: Thread is done: Thread Group 1-17
2026-07-01 23:00:25,610 INFO o.a.j.t.JMeterThread: Thread finished: Thread Group 1-17
2026-07-01 23:00:28,825 INFO o.a.j.t.JMeterThread: Thread is done: Thread Group 1-27
2026-07-01 23:00:28,825 INFO o.a.j.t.JMeterThread: Thread finished: Thread Group 1-27
2026-07-01 23:00:28,825 INFO o.a.j.t.JMeterThread: Thread is done: Thread Group 1-22
2026-07-01 23:00:28,825 INFO o.a.j.t.JMeterThread: Thread finished: Thread Group 1-22
2026-07-01 23:00:28,826 INFO o.a.j.t.JMeterThread: Thread is done: Thread Group 1-16
2026-07-01 23:00:28,826 INFO o.a.j.t.JMeterThread: Thread finished: Thread Group 1-16
2026-07-01 23:00:29,402 INFO o.a.j.t.JMeterThread: Thread is done: Thread Group 1-26
2026-07-01 23:00:29,403 INFO o.a.j.t.JMeterThread: Thread is done: Thread Group 1-23
2026-07-01 23:00:29,403 INFO o.a.j.t.JMeterThread: Thread finished: Thread Group 1-26
2026-07-01 23:00:29,403 INFO o.a.j.t.JMeterThread: Thread finished: Thread Group 1-23
2026-07-01 23:00:29,403 INFO o.a.j.t.JMeterThread: Thread is done: Thread Group 1-28
2026-07-01 23:00:29,404 INFO o.a.j.t.JMeterThread: Thread finished: Thread Group 1-28
2026-07-01 23:00:29,404 INFO o.a.j.t.JMeterThread: Thread is done: Thread Group 1-24
2026-07-01 23:00:29,405 INFO o.a.j.t.JMeterThread: Thread finished: Thread Group 1-24
2026-07-01 23:00:29,405 INFO o.a.j.t.JMeterThread: Thread is done: Thread Group 1-39
2026-07-01 23:00:29,405 INFO o.a.j.t.JMeterThread: Thread finished: Thread Group 1-39
2026-07-01 23:00:29,570 INFO o.a.j.t.JMeterThread: Thread is done: Thread Group 1-34
2026-07-01 23:00:29,570 INFO o.a.j.t.JMeterThread: Thread finished: Thread Group 1-34
2026-07-01 23:00:29,996 INFO o.a.j.t.JMeterThread: Thread is done: Thread Group 1-7
2026-07-01 23:00:29,996 INFO o.a.j.t.JMeterThread: Thread finished: Thread Group 1-7
2026-07-01 23:00:29,996 INFO o.a.j.t.JMeterThread: Thread is done: Thread Group 1-6
2026-07-01 23:00:29,996 INFO o.a.j.t.JMeterThread: Thread finished: Thread Group 1-6
2026-07-01 23:00:29,996 INFO o.a.j.t.JMeterThread: Thread is done: Thread Group 1-33
2026-07-01 23:00:29,996 INFO o.a.j.t.JMeterThread: Thread finished: Thread Group 1-33
2026-07-01 23:00:29,996 INFO o.a.j.t.JMeterThread: Thread is done: Thread Group 1-25
2026-07-01 23:00:29,996 INFO o.a.j.t.JMeterThread: Thread finished: Thread Group 1-25
2026-07-01 23:00:29,998 INFO o.a.j.t.JMeterThread: Thread is done: Thread Group 1-30
2026-07-01 23:00:29,998 INFO o.a.j.t.JMeterThread: Thread finished: Thread Group 1-30
2026-07-01 23:00:30,088 INFO o.a.j.r.Summariser: summary +    980 in 00:00:30 =   32.6/s Avg:  5109 Min:  1305 Max:  9818 Err:   980 (100.00%) Active: 172 Started: 200 Finished: 28
2026-07-01 23:00:30,336 INFO o.a.j.t.JMeterThread: Thread is done: Thread Group 1-46
2026-07-01 23:00:30,337 INFO o.a.j.t.JMeterThread: Thread finished: Thread Group 1-46
2026-07-01 23:00:30,337 INFO o.a.j.t.JMeterThread: Thread is done: Thread Group 1-37
2026-07-01 23:00:30,337 INFO o.a.j.t.JMeterThread: Thread finished: Thread Group 1-37
2026-07-01 23:00:30,337 INFO o.a.j.t.JMeterThread: Thread is done: Thread Group 1-29
2026-07-01 23:00:30,337 INFO o.a.j.t.JMeterThread: Thread finished: Thread Group 1-29
2026-07-01 23:00:30,338 INFO o.a.j.t.JMeterThread: Thread is done: Thread Group 1-38
2026-07-01 23:00:30,338 INFO o.a.j.t.JMeterThread: Thread finished: Thread Group 1-38
2026-07-01 23:00:30,338 INFO o.a.j.t.JMeterThread: Thread is done: Thread Group 1-65
2026-07-01 23:00:30,338 INFO o.a.j.t.JMeterThread: Thread finished: Thread Group 1-65
2026-07-01 23:00:30,338 INFO o.a.j.t.JMeterThread: Thread is done: Thread Group 1-4
2026-07-01 23:00:30,338 INFO o.a.j.t.JMeterThread: Thread finished: Thread Group 1-4
2026-07-01 23:00:30,339 INFO o.a.j.t.JMeterThread: Thread is done: Thread Group 1-31
2026-07-01 23:00:30,339 INFO o.a.j.t.JMeterThread: Thread finished: Thread Group 1-31
2026-07-01 23:00:30,339 INFO o.a.j.t.JMeterThread: Thread is done: Thread Group 1-32
2026-07-01 23:00:30,340 INFO o.a.j.t.JMeterThread: Thread finished: Thread Group 1-32
2026-07-01 23:00:30,344 INFO o.a.j.t.JMeterThread: Thread is done: Thread Group 1-15
2026-07-01 23:00:30,344 INFO o.a.j.t.JMeterThread: Thread finished: Thread Group 1-15
2026-07-01 23:00:30,344 INFO o.a.j.t.JMeterThread: Thread is done: Thread Group 1-41
2026-07-01 23:00:30,344 INFO o.a.j.t.JMeterThread: Thread finished: Thread Group 1-41
2026-07-01 23:00:30,344 INFO o.a.j.t.JMeterThread: Thread is done: Thread Group 1-35
2026-07-01 23:00:30,344 INFO o.a.j.t.JMeterThread: Thread finished: Thread Group 1-35
2026-07-01 23:00:30,344 INFO o.a.j.t.JMeterThread: Thread is done: Thread Group 1-43
2026-07-01 23:00:30,344 INFO o.a.j.t.JMeterThread: Thread finished: Thread Group 1-43
2026-07-01 23:00:30,344 INFO o.a.j.t.JMeterThread: Thread is done: Thread Group 1-14
2026-07-01 23:00:30,344 INFO o.a.j.t.JMeterThread: Thread finished: Thread Group 1-14
2026-07-01 23:00:30,345 INFO o.a.j.t.JMeterThread: Thread is done: Thread Group 1-57
2026-07-01 23:00:30,345 INFO o.a.j.t.JMeterThread: Thread finished: Thread Group 1-57
2026-07-01 23:00:30,345 INFO o.a.j.t.JMeterThread: Thread is done: Thread Group 1-36
2026-07-01 23:00:30,345 INFO o.a.j.t.JMeterThread: Thread finished: Thread Group 1-36
2026-07-01 23:00:30,433 INFO o.a.j.t.JMeterThread: Thread is done: Thread Group 1-40
2026-07-01 23:00:30,433 INFO o.a.j.t.JMeterThread: Thread finished: Thread Group 1-40
2026-07-01 23:00:30,433 INFO o.a.j.t.JMeterThread: Thread is done: Thread Group 1-78
2026-07-01 23:00:30,433 INFO o.a.j.t.JMeterThread: Thread finished: Thread Group 1-78
2026-07-01 23:00:30,433 INFO o.a.j.t.JMeterThread: Thread is done: Thread Group 1-58
2026-07-01 23:00:30,433 INFO o.a.j.t.JMeterThread: Thread finished: Thread Group 1-58
2026-07-01 23:00:30,436 INFO o.a.j.t.JMeterThread: Thread is done: Thread Group 1-75
2026-07-01 23:00:30,436 INFO o.a.j.t.JMeterThread: Thread finished: Thread Group 1-75
2026-07-01 23:00:30,436 INFO o.a.j.t.JMeterThread: Thread is done: Thread Group 1-79
2026-07-01 23:00:30,436 INFO o.a.j.t.JMeterThread: Thread finished: Thread Group 1-79
2026-07-01 23:00:30,436 INFO o.a.j.t.JMeterThread: Thread is done: Thread Group 1-63
2026-07-01 23:00:30,436 INFO o.a.j.t.JMeterThread: Thread finished: Thread Group 1-63
2026-07-01 23:00:30,437 INFO o.a.j.t.JMeterThread: Thread is done: Thread Group 1-42
2026-07-01 23:00:30,437 INFO o.a.j.t.JMeterThread: Thread finished: Thread Group 1-42
2026-07-01 23:00:30,437 INFO o.a.j.t.JMeterThread: Thread is done: Thread Group 1-48
2026-07-01 23:00:30,438 INFO o.a.j.t.JMeterThread: Thread finished: Thread Group 1-48
2026-07-01 23:00:30,440 INFO o.a.j.t.JMeterThread: Thread is done: Thread Group 1-77
2026-07-01 23:00:30,440 INFO o.a.j.t.JMeterThread: Thread finished: Thread Group 1-77
2026-07-01 23:00:30,440 INFO o.a.j.t.JMeterThread: Thread is done: Thread Group 1-47
2026-07-01 23:00:30,440 INFO o.a.j.t.JMeterThread: Thread finished: Thread Group 1-47
2026-07-01 23:00:30,441 INFO o.a.j.t.JMeterThread: Thread is done: Thread Group 1-80
2026-07-01 23:00:30,441 INFO o.a.j.t.JMeterThread: Thread finished: Thread Group 1-80
2026-07-01 23:00:30,522 INFO o.a.j.t.JMeterThread: Thread is done: Thread Group 1-68
2026-07-01 23:00:30,522 INFO o.a.j.t.JMeterThread: Thread is done: Thread Group 1-66
2026-07-01 23:00:30,522 INFO o.a.j.t.JMeterThread: Thread finished: Thread Group 1-68
2026-07-01 23:00:30,522 INFO o.a.j.t.JMeterThread: Thread finished: Thread Group 1-66
2026-07-01 23:00:30,522 INFO o.a.j.t.JMeterThread: Thread is done: Thread Group 1-52
2026-07-01 23:00:30,522 INFO o.a.j.t.JMeterThread: Thread finished: Thread Group 1-52
2026-07-01 23:00:30,524 INFO o.a.j.t.JMeterThread: Thread is done: Thread Group 1-71
2026-07-01 23:00:30,524 INFO o.a.j.t.JMeterThread: Thread finished: Thread Group 1-71
2026-07-01 23:00:30,524 INFO o.a.j.t.JMeterThread: Thread is done: Thread Group 1-64
2026-07-01 23:00:30,524 INFO o.a.j.t.JMeterThread: Thread finished: Thread Group 1-64
2026-07-01 23:00:30,527 INFO o.a.j.t.JMeterThread: Thread is done: Thread Group 1-83
2026-07-01 23:00:30,527 INFO o.a.j.t.JMeterThread: Thread finished: Thread Group 1-83
2026-07-01 23:00:30,612 INFO o.a.j.t.JMeterThread: Thread is done: Thread Group 1-72
2026-07-01 23:00:30,612 INFO o.a.j.t.JMeterThread: Thread finished: Thread Group 1-72
2026-07-01 23:00:30,612 INFO o.a.j.t.JMeterThread: Thread is done: Thread Group 1-49
2026-07-01 23:00:30,612 INFO o.a.j.t.JMeterThread: Thread finished: Thread Group 1-49
2026-07-01 23:00:30,614 INFO o.a.j.t.JMeterThread: Thread is done: Thread Group 1-59
2026-07-01 23:00:30,614 INFO o.a.j.t.JMeterThread: Thread finished: Thread Group 1-59
2026-07-01 23:00:30,614 INFO o.a.j.t.JMeterThread: Thread is done: Thread Group 1-60
2026-07-01 23:00:30,614 INFO o.a.j.t.JMeterThread: Thread finished: Thread Group 1-60
2026-07-01 23:00:30,614 INFO o.a.j.t.JMeterThread: Thread is done: Thread Group 1-61
2026-07-01 23:00:30,614 INFO o.a.j.t.JMeterThread: Thread finished: Thread Group 1-61
2026-07-01 23:00:30,619 INFO o.a.j.t.JMeterThread: Thread is done: Thread Group 1-67
2026-07-01 23:00:30,620 INFO o.a.j.t.JMeterThread: Thread finished: Thread Group 1-67
2026-07-01 23:00:30,620 INFO o.a.j.t.JMeterThread: Thread is done: Thread Group 1-73
2026-07-01 23:00:30,620 INFO o.a.j.t.JMeterThread: Thread finished: Thread Group 1-73
2026-07-01 23:00:30,620 INFO o.a.j.t.JMeterThread: Thread is done: Thread Group 1-69
2026-07-01 23:00:30,620 INFO o.a.j.t.JMeterThread: Thread finished: Thread Group 1-69
2026-07-01 23:00:30,620 INFO o.a.j.t.JMeterThread: Thread is done: Thread Group 1-45
2026-07-01 23:00:30,620 INFO o.a.j.t.JMeterThread: Thread finished: Thread Group 1-45
2026-07-01 23:00:30,621 INFO o.a.j.t.JMeterThread: Thread is done: Thread Group 1-62
2026-07-01 23:00:30,621 INFO o.a.j.t.JMeterThread: Thread finished: Thread Group 1-62
2026-07-01 23:00:30,623 INFO o.a.j.t.JMeterThread: Thread is done: Thread Group 1-51
2026-07-01 23:00:30,623 INFO o.a.j.t.JMeterThread: Thread finished: Thread Group 1-51
2026-07-01 23:00:30,623 INFO o.a.j.t.JMeterThread: Thread is done: Thread Group 1-44
2026-07-01 23:00:30,623 INFO o.a.j.t.JMeterThread: Thread finished: Thread Group 1-44
2026-07-01 23:00:30,624 INFO o.a.j.t.JMeterThread: Thread is done: Thread Group 1-74
2026-07-01 23:00:30,624 INFO o.a.j.t.JMeterThread: Thread finished: Thread Group 1-74
2026-07-01 23:00:30,624 INFO o.a.j.t.JMeterThread: Thread is done: Thread Group 1-96
2026-07-01 23:00:30,624 INFO o.a.j.t.JMeterThread: Thread finished: Thread Group 1-96
2026-07-01 23:00:30,629 INFO o.a.j.t.JMeterThread: Thread is done: Thread Group 1-76
2026-07-01 23:00:30,629 INFO o.a.j.t.JMeterThread: Thread is done: Thread Group 1-70
2026-07-01 23:00:30,629 INFO o.a.j.t.JMeterThread: Thread finished: Thread Group 1-76
2026-07-01 23:00:30,629 INFO o.a.j.t.JMeterThread: Thread finished: Thread Group 1-70
2026-07-01 23:00:30,629 INFO o.a.j.t.JMeterThread: Thread is done: Thread Group 1-13
2026-07-01 23:00:30,629 INFO o.a.j.t.JMeterThread: Thread finished: Thread Group 1-13
2026-07-01 23:00:30,629 INFO o.a.j.t.JMeterThread: Thread is done: Thread Group 1-95
2026-07-01 23:00:30,629 INFO o.a.j.t.JMeterThread: Thread finished: Thread Group 1-95
2026-07-01 23:00:30,629 INFO o.a.j.t.JMeterThread: Thread is done: Thread Group 1-91
2026-07-01 23:00:30,629 INFO o.a.j.t.JMeterThread: Thread finished: Thread Group 1-91
2026-07-01 23:00:30,630 INFO o.a.j.t.JMeterThread: Thread is done: Thread Group 1-56
2026-07-01 23:00:30,630 INFO o.a.j.t.JMeterThread: Thread finished: Thread Group 1-56
2026-07-01 23:00:30,630 INFO o.a.j.t.JMeterThread: Thread is done: Thread Group 1-53
2026-07-01 23:00:30,630 INFO o.a.j.t.JMeterThread: Thread finished: Thread Group 1-53
2026-07-01 23:00:30,631 INFO o.a.j.t.JMeterThread: Thread is done: Thread Group 1-54
2026-07-01 23:00:30,631 INFO o.a.j.t.JMeterThread: Thread finished: Thread Group 1-54
2026-07-01 23:00:30,633 INFO o.a.j.t.JMeterThread: Thread is done: Thread Group 1-81
2026-07-01 23:00:30,633 INFO o.a.j.t.JMeterThread: Thread finished: Thread Group 1-81
2026-07-01 23:00:30,634 INFO o.a.j.t.JMeterThread: Thread is done: Thread Group 1-82
2026-07-01 23:00:30,634 INFO o.a.j.t.JMeterThread: Thread finished: Thread Group 1-82
2026-07-01 23:00:30,634 INFO o.a.j.t.JMeterThread: Thread is done: Thread Group 1-97
2026-07-01 23:00:30,634 INFO o.a.j.t.JMeterThread: Thread finished: Thread Group 1-97
2026-07-01 23:00:30,634 INFO o.a.j.t.JMeterThread: Thread is done: Thread Group 1-88
2026-07-01 23:00:30,634 INFO o.a.j.t.JMeterThread: Thread finished: Thread Group 1-88
2026-07-01 23:00:30,635 INFO o.a.j.t.JMeterThread: Thread is done: Thread Group 1-89
2026-07-01 23:00:30,635 INFO o.a.j.t.JMeterThread: Thread finished: Thread Group 1-89
2026-07-01 23:00:30,635 INFO o.a.j.t.JMeterThread: Thread is done: Thread Group 1-84
2026-07-01 23:00:30,635 INFO o.a.j.t.JMeterThread: Thread finished: Thread Group 1-84
2026-07-01 23:00:30,635 INFO o.a.j.t.JMeterThread: Thread is done: Thread Group 1-85
2026-07-01 23:00:30,635 INFO o.a.j.t.JMeterThread: Thread finished: Thread Group 1-85
2026-07-01 23:00:30,635 INFO o.a.j.t.JMeterThread: Thread is done: Thread Group 1-98
2026-07-01 23:00:30,635 INFO o.a.j.t.JMeterThread: Thread finished: Thread Group 1-98
2026-07-01 23:00:30,635 INFO o.a.j.t.JMeterThread: Thread is done: Thread Group 1-93
2026-07-01 23:00:30,635 INFO o.a.j.t.JMeterThread: Thread finished: Thread Group 1-93
2026-07-01 23:00:30,650 INFO o.a.j.t.JMeterThread: Thread is done: Thread Group 1-111
2026-07-01 23:00:30,650 INFO o.a.j.t.JMeterThread: Thread finished: Thread Group 1-111
2026-07-01 23:00:30,651 INFO o.a.j.t.JMeterThread: Thread is done: Thread Group 1-50
2026-07-01 23:00:30,651 INFO o.a.j.t.JMeterThread: Thread finished: Thread Group 1-50
2026-07-01 23:00:30,651 INFO o.a.j.t.JMeterThread: Thread is done: Thread Group 1-118
2026-07-01 23:00:30,651 INFO o.a.j.t.JMeterThread: Thread finished: Thread Group 1-118
2026-07-01 23:00:30,651 INFO o.a.j.t.JMeterThread: Thread is done: Thread Group 1-55
2026-07-01 23:00:30,651 INFO o.a.j.t.JMeterThread: Thread finished: Thread Group 1-55
2026-07-01 23:00:30,652 INFO o.a.j.t.JMeterThread: Thread is done: Thread Group 1-101
2026-07-01 23:00:30,652 INFO o.a.j.t.JMeterThread: Thread finished: Thread Group 1-101
2026-07-01 23:00:30,652 INFO o.a.j.t.JMeterThread: Thread is done: Thread Group 1-108
2026-07-01 23:00:30,652 INFO o.a.j.t.JMeterThread: Thread finished: Thread Group 1-108
2026-07-01 23:00:30,653 INFO o.a.j.t.JMeterThread: Thread is done: Thread Group 1-90
2026-07-01 23:00:30,653 INFO o.a.j.t.JMeterThread: Thread finished: Thread Group 1-90
2026-07-01 23:00:30,653 INFO o.a.j.t.JMeterThread: Thread is done: Thread Group 1-102
2026-07-01 23:00:30,653 INFO o.a.j.t.JMeterThread: Thread finished: Thread Group 1-102
2026-07-01 23:00:30,653 INFO o.a.j.t.JMeterThread: Thread is done: Thread Group 1-121
2026-07-01 23:00:30,653 INFO o.a.j.t.JMeterThread: Thread finished: Thread Group 1-121
2026-07-01 23:00:30,654 INFO o.a.j.t.JMeterThread: Thread is done: Thread Group 1-86
2026-07-01 23:00:30,654 INFO o.a.j.t.JMeterThread: Thread finished: Thread Group 1-86
2026-07-01 23:00:30,654 INFO o.a.j.t.JMeterThread: Thread is done: Thread Group 1-92
2026-07-01 23:00:30,654 INFO o.a.j.t.JMeterThread: Thread finished: Thread Group 1-92
2026-07-01 23:00:30,655 INFO o.a.j.t.JMeterThread: Thread is done: Thread Group 1-94
2026-07-01 23:00:30,655 INFO o.a.j.t.JMeterThread: Thread finished: Thread Group 1-94
2026-07-01 23:00:30,655 INFO o.a.j.t.JMeterThread: Thread is done: Thread Group 1-87
2026-07-01 23:00:30,655 INFO o.a.j.t.JMeterThread: Thread finished: Thread Group 1-87
2026-07-01 23:00:30,655 INFO o.a.j.t.JMeterThread: Thread is done: Thread Group 1-114
2026-07-01 23:00:30,655 INFO o.a.j.t.JMeterThread: Thread finished: Thread Group 1-114
2026-07-01 23:00:30,655 INFO o.a.j.t.JMeterThread: Thread is done: Thread Group 1-104
2026-07-01 23:00:30,655 INFO o.a.j.t.JMeterThread: Thread finished: Thread Group 1-104
2026-07-01 23:00:30,655 INFO o.a.j.t.JMeterThread: Thread is done: Thread Group 1-115
2026-07-01 23:00:30,655 INFO o.a.j.t.JMeterThread: Thread finished: Thread Group 1-115
2026-07-01 23:00:30,662 INFO o.a.j.t.JMeterThread: Thread is done: Thread Group 1-138
2026-07-01 23:00:30,662 INFO o.a.j.t.JMeterThread: Thread is done: Thread Group 1-117
2026-07-01 23:00:30,662 INFO o.a.j.t.JMeterThread: Thread finished: Thread Group 1-138
2026-07-01 23:00:30,662 INFO o.a.j.t.JMeterThread: Thread finished: Thread Group 1-117
2026-07-01 23:00:30,744 INFO o.a.j.t.JMeterThread: Thread is done: Thread Group 1-131
2026-07-01 23:00:30,744 INFO o.a.j.t.JMeterThread: Thread is done: Thread Group 1-128
2026-07-01 23:00:30,744 INFO o.a.j.t.JMeterThread: Thread finished: Thread Group 1-131
2026-07-01 23:00:30,744 INFO o.a.j.t.JMeterThread: Thread finished: Thread Group 1-128
2026-07-01 23:00:30,744 INFO o.a.j.t.JMeterThread: Thread is done: Thread Group 1-103
2026-07-01 23:00:30,745 INFO o.a.j.t.JMeterThread: Thread finished: Thread Group 1-103
2026-07-01 23:00:30,745 INFO o.a.j.t.JMeterThread: Thread is done: Thread Group 1-113
2026-07-01 23:00:30,745 INFO o.a.j.t.JMeterThread: Thread finished: Thread Group 1-113
2026-07-01 23:00:30,745 INFO o.a.j.t.JMeterThread: Thread is done: Thread Group 1-123
2026-07-01 23:00:30,745 INFO o.a.j.t.JMeterThread: Thread finished: Thread Group 1-123
2026-07-01 23:00:30,745 INFO o.a.j.t.JMeterThread: Thread is done: Thread Group 1-110
2026-07-01 23:00:30,745 INFO o.a.j.t.JMeterThread: Thread finished: Thread Group 1-110
2026-07-01 23:00:30,746 INFO o.a.j.t.JMeterThread: Thread is done: Thread Group 1-166
2026-07-01 23:00:30,746 INFO o.a.j.t.JMeterThread: Thread finished: Thread Group 1-166
2026-07-01 23:00:30,746 INFO o.a.j.t.JMeterThread: Thread is done: Thread Group 1-155
2026-07-01 23:00:30,746 INFO o.a.j.t.JMeterThread: Thread finished: Thread Group 1-155
2026-07-01 23:00:30,746 INFO o.a.j.t.JMeterThread: Thread is done: Thread Group 1-112
2026-07-01 23:00:30,746 INFO o.a.j.t.JMeterThread: Thread finished: Thread Group 1-112
2026-07-01 23:00:30,747 INFO o.a.j.t.JMeterThread: Thread is done: Thread Group 1-107
2026-07-01 23:00:30,747 INFO o.a.j.t.JMeterThread: Thread finished: Thread Group 1-107
2026-07-01 23:00:30,757 INFO o.a.j.t.JMeterThread: Thread is done: Thread Group 1-134
2026-07-01 23:00:30,758 INFO o.a.j.t.JMeterThread: Thread finished: Thread Group 1-134
2026-07-01 23:00:30,758 INFO o.a.j.t.JMeterThread: Thread is done: Thread Group 1-197
2026-07-01 23:00:30,758 INFO o.a.j.t.JMeterThread: Thread finished: Thread Group 1-197
2026-07-01 23:00:30,758 INFO o.a.j.t.JMeterThread: Thread is done: Thread Group 1-105
2026-07-01 23:00:30,758 INFO o.a.j.t.JMeterThread: Thread finished: Thread Group 1-105
2026-07-01 23:00:30,758 INFO o.a.j.t.JMeterThread: Thread is done: Thread Group 1-160
2026-07-01 23:00:30,758 INFO o.a.j.t.JMeterThread: Thread finished: Thread Group 1-160
2026-07-01 23:00:30,758 INFO o.a.j.t.JMeterThread: Thread is done: Thread Group 1-137
2026-07-01 23:00:30,758 INFO o.a.j.t.JMeterThread: Thread is done: Thread Group 1-195
2026-07-01 23:00:30,758 INFO o.a.j.t.JMeterThread: Thread finished: Thread Group 1-137
2026-07-01 23:00:30,758 INFO o.a.j.t.JMeterThread: Thread finished: Thread Group 1-195
2026-07-01 23:00:30,839 INFO o.a.j.t.JMeterThread: Thread is done: Thread Group 1-180
2026-07-01 23:00:30,839 INFO o.a.j.t.JMeterThread: Thread finished: Thread Group 1-180
2026-07-01 23:00:30,841 INFO o.a.j.t.JMeterThread: Thread is done: Thread Group 1-120
2026-07-01 23:00:30,841 INFO o.a.j.t.JMeterThread: Thread is done: Thread Group 1-196
2026-07-01 23:00:30,841 INFO o.a.j.t.JMeterThread: Thread finished: Thread Group 1-120
2026-07-01 23:00:30,841 INFO o.a.j.t.JMeterThread: Thread finished: Thread Group 1-196
2026-07-01 23:00:30,841 INFO o.a.j.t.JMeterThread: Thread is done: Thread Group 1-192
2026-07-01 23:00:30,841 INFO o.a.j.t.JMeterThread: Thread finished: Thread Group 1-192
2026-07-01 23:00:30,841 INFO o.a.j.t.JMeterThread: Thread is done: Thread Group 1-159
2026-07-01 23:00:30,841 INFO o.a.j.t.JMeterThread: Thread finished: Thread Group 1-159
2026-07-01 23:00:30,841 INFO o.a.j.t.JMeterThread: Thread is done: Thread Group 1-150
2026-07-01 23:00:30,841 INFO o.a.j.t.JMeterThread: Thread finished: Thread Group 1-150
2026-07-01 23:00:30,841 INFO o.a.j.t.JMeterThread: Thread is done: Thread Group 1-187
2026-07-01 23:00:30,841 INFO o.a.j.t.JMeterThread: Thread finished: Thread Group 1-187
2026-07-01 23:00:30,841 INFO o.a.j.t.JMeterThread: Thread is done: Thread Group 1-135
2026-07-01 23:00:30,841 INFO o.a.j.t.JMeterThread: Thread finished: Thread Group 1-135
2026-07-01 23:00:30,841 INFO o.a.j.t.JMeterThread: Thread is done: Thread Group 1-109
2026-07-01 23:00:30,841 INFO o.a.j.t.JMeterThread: Thread finished: Thread Group 1-109
2026-07-01 23:00:30,842 INFO o.a.j.t.JMeterThread: Thread is done: Thread Group 1-116
2026-07-01 23:00:30,842 INFO o.a.j.t.JMeterThread: Thread finished: Thread Group 1-116
2026-07-01 23:00:30,843 INFO o.a.j.t.JMeterThread: Thread is done: Thread Group 1-149
2026-07-01 23:00:30,843 INFO o.a.j.t.JMeterThread: Thread finished: Thread Group 1-149
2026-07-01 23:00:30,844 INFO o.a.j.t.JMeterThread: Thread is done: Thread Group 1-184
2026-07-01 23:00:30,844 INFO o.a.j.t.JMeterThread: Thread finished: Thread Group 1-184
2026-07-01 23:00:30,844 INFO o.a.j.t.JMeterThread: Thread is done: Thread Group 1-161
2026-07-01 23:00:30,844 INFO o.a.j.t.JMeterThread: Thread finished: Thread Group 1-161
2026-07-01 23:00:30,844 INFO o.a.j.t.JMeterThread: Thread is done: Thread Group 1-183
2026-07-01 23:00:30,844 INFO o.a.j.t.JMeterThread: Thread finished: Thread Group 1-183
2026-07-01 23:00:30,844 INFO o.a.j.t.JMeterThread: Thread is done: Thread Group 1-99
2026-07-01 23:00:30,844 INFO o.a.j.t.JMeterThread: Thread finished: Thread Group 1-99
2026-07-01 23:00:30,844 INFO o.a.j.t.JMeterThread: Thread is done: Thread Group 1-158
2026-07-01 23:00:30,844 INFO o.a.j.t.JMeterThread: Thread finished: Thread Group 1-158
2026-07-01 23:00:30,937 INFO o.a.j.t.JMeterThread: Thread is done: Thread Group 1-125
2026-07-01 23:00:30,937 INFO o.a.j.t.JMeterThread: Thread finished: Thread Group 1-125
2026-07-01 23:00:30,937 INFO o.a.j.t.JMeterThread: Thread is done: Thread Group 1-130
2026-07-01 23:00:30,937 INFO o.a.j.t.JMeterThread: Thread finished: Thread Group 1-130
2026-07-01 23:00:30,938 INFO o.a.j.t.JMeterThread: Thread is done: Thread Group 1-175
2026-07-01 23:00:30,938 INFO o.a.j.t.JMeterThread: Thread finished: Thread Group 1-175
2026-07-01 23:00:30,938 INFO o.a.j.t.JMeterThread: Thread is done: Thread Group 1-157
2026-07-01 23:00:30,938 INFO o.a.j.t.JMeterThread: Thread finished: Thread Group 1-157
2026-07-01 23:00:30,938 INFO o.a.j.t.JMeterThread: Thread is done: Thread Group 1-165
2026-07-01 23:00:30,938 INFO o.a.j.t.JMeterThread: Thread finished: Thread Group 1-165
2026-07-01 23:00:30,938 INFO o.a.j.t.JMeterThread: Thread is done: Thread Group 1-169
2026-07-01 23:00:30,938 INFO o.a.j.t.JMeterThread: Thread finished: Thread Group 1-169
2026-07-01 23:00:30,938 INFO o.a.j.t.JMeterThread: Thread is done: Thread Group 1-156
2026-07-01 23:00:30,938 INFO o.a.j.t.JMeterThread: Thread finished: Thread Group 1-156
2026-07-01 23:00:30,938 INFO o.a.j.t.JMeterThread: Thread is done: Thread Group 1-167
2026-07-01 23:00:30,938 INFO o.a.j.t.JMeterThread: Thread finished: Thread Group 1-167
2026-07-01 23:00:30,938 INFO o.a.j.t.JMeterThread: Thread is done: Thread Group 1-162
2026-07-01 23:00:30,938 INFO o.a.j.t.JMeterThread: Thread finished: Thread Group 1-162
2026-07-01 23:00:30,940 INFO o.a.j.t.JMeterThread: Thread is done: Thread Group 1-144
2026-07-01 23:00:30,940 INFO o.a.j.t.JMeterThread: Thread finished: Thread Group 1-144
2026-07-01 23:00:30,942 INFO o.a.j.t.JMeterThread: Thread is done: Thread Group 1-127
2026-07-01 23:00:30,942 INFO o.a.j.t.JMeterThread: Thread finished: Thread Group 1-127
2026-07-01 23:00:30,942 INFO o.a.j.t.JMeterThread: Thread is done: Thread Group 1-143
2026-07-01 23:00:30,943 INFO o.a.j.t.JMeterThread: Thread finished: Thread Group 1-143
2026-07-01 23:00:30,943 INFO o.a.j.t.JMeterThread: Thread is done: Thread Group 1-173
2026-07-01 23:00:30,943 INFO o.a.j.t.JMeterThread: Thread finished: Thread Group 1-173
2026-07-01 23:00:30,943 INFO o.a.j.t.JMeterThread: Thread is done: Thread Group 1-200
2026-07-01 23:00:30,943 INFO o.a.j.t.JMeterThread: Thread finished: Thread Group 1-200
2026-07-01 23:00:30,944 INFO o.a.j.t.JMeterThread: Thread is done: Thread Group 1-132
2026-07-01 23:00:30,944 INFO o.a.j.t.JMeterThread: Thread finished: Thread Group 1-132
2026-07-01 23:00:30,944 INFO o.a.j.t.JMeterThread: Thread is done: Thread Group 1-164
2026-07-01 23:00:30,944 INFO o.a.j.t.JMeterThread: Thread finished: Thread Group 1-164
2026-07-01 23:00:30,944 INFO o.a.j.t.JMeterThread: Thread is done: Thread Group 1-181
2026-07-01 23:00:30,944 INFO o.a.j.t.JMeterThread: Thread finished: Thread Group 1-181
2026-07-01 23:00:30,944 INFO o.a.j.t.JMeterThread: Thread is done: Thread Group 1-191
2026-07-01 23:00:30,944 INFO o.a.j.t.JMeterThread: Thread finished: Thread Group 1-191
2026-07-01 23:00:30,944 INFO o.a.j.t.JMeterThread: Thread is done: Thread Group 1-119
2026-07-01 23:00:30,945 INFO o.a.j.t.JMeterThread: Thread finished: Thread Group 1-119
2026-07-01 23:00:30,945 INFO o.a.j.t.JMeterThread: Thread is done: Thread Group 1-152
2026-07-01 23:00:30,945 INFO o.a.j.t.JMeterThread: Thread finished: Thread Group 1-152
2026-07-01 23:00:30,951 INFO o.a.j.t.JMeterThread: Thread is done: Thread Group 1-190
2026-07-01 23:00:30,951 INFO o.a.j.t.JMeterThread: Thread is done: Thread Group 1-168
2026-07-01 23:00:30,951 INFO o.a.j.t.JMeterThread: Thread finished: Thread Group 1-168
2026-07-01 23:00:30,951 INFO o.a.j.t.JMeterThread: Thread finished: Thread Group 1-190
2026-07-01 23:00:30,952 INFO o.a.j.t.JMeterThread: Thread is done: Thread Group 1-100
2026-07-01 23:00:30,952 INFO o.a.j.t.JMeterThread: Thread finished: Thread Group 1-100
2026-07-01 23:00:30,953 INFO o.a.j.t.JMeterThread: Thread is done: Thread Group 1-154
2026-07-01 23:00:30,953 INFO o.a.j.t.JMeterThread: Thread finished: Thread Group 1-154
2026-07-01 23:00:30,953 INFO o.a.j.t.JMeterThread: Thread is done: Thread Group 1-176
2026-07-01 23:00:30,953 INFO o.a.j.t.JMeterThread: Thread finished: Thread Group 1-176
2026-07-01 23:00:30,954 INFO o.a.j.t.JMeterThread: Thread is done: Thread Group 1-193
2026-07-01 23:00:30,954 INFO o.a.j.t.JMeterThread: Thread finished: Thread Group 1-193
2026-07-01 23:00:30,954 INFO o.a.j.t.JMeterThread: Thread is done: Thread Group 1-122
2026-07-01 23:00:30,954 INFO o.a.j.t.JMeterThread: Thread finished: Thread Group 1-122
2026-07-01 23:00:30,954 INFO o.a.j.t.JMeterThread: Thread is done: Thread Group 1-151
2026-07-01 23:00:30,954 INFO o.a.j.t.JMeterThread: Thread finished: Thread Group 1-151
2026-07-01 23:00:30,954 INFO o.a.j.t.JMeterThread: Thread is done: Thread Group 1-146
2026-07-01 23:00:30,954 INFO o.a.j.t.JMeterThread: Thread finished: Thread Group 1-146
2026-07-01 23:00:30,955 INFO o.a.j.t.JMeterThread: Thread is done: Thread Group 1-140
2026-07-01 23:00:30,956 INFO o.a.j.t.JMeterThread: Thread finished: Thread Group 1-140
2026-07-01 23:00:30,956 INFO o.a.j.t.JMeterThread: Thread is done: Thread Group 1-124
2026-07-01 23:00:30,956 INFO o.a.j.t.JMeterThread: Thread finished: Thread Group 1-124
2026-07-01 23:00:30,956 INFO o.a.j.t.JMeterThread: Thread is done: Thread Group 1-153
2026-07-01 23:00:30,956 INFO o.a.j.t.JMeterThread: Thread finished: Thread Group 1-153
2026-07-01 23:00:30,957 INFO o.a.j.t.JMeterThread: Thread is done: Thread Group 1-106
2026-07-01 23:00:30,957 INFO o.a.j.t.JMeterThread: Thread finished: Thread Group 1-106
2026-07-01 23:00:30,960 INFO o.a.j.t.JMeterThread: Thread is done: Thread Group 1-174
2026-07-01 23:00:30,960 INFO o.a.j.t.JMeterThread: Thread is done: Thread Group 1-148
2026-07-01 23:00:30,960 INFO o.a.j.t.JMeterThread: Thread is done: Thread Group 1-198
2026-07-01 23:00:30,960 INFO o.a.j.t.JMeterThread: Thread finished: Thread Group 1-174
2026-07-01 23:00:30,960 INFO o.a.j.t.JMeterThread: Thread finished: Thread Group 1-198
2026-07-01 23:00:30,960 INFO o.a.j.t.JMeterThread: Thread finished: Thread Group 1-148
2026-07-01 23:00:30,960 INFO o.a.j.t.JMeterThread: Thread is done: Thread Group 1-178
2026-07-01 23:00:30,960 INFO o.a.j.t.JMeterThread: Thread finished: Thread Group 1-178
2026-07-01 23:00:30,961 INFO o.a.j.t.JMeterThread: Thread is done: Thread Group 1-142
2026-07-01 23:00:30,961 INFO o.a.j.t.JMeterThread: Thread finished: Thread Group 1-142
2026-07-01 23:00:30,961 INFO o.a.j.t.JMeterThread: Thread is done: Thread Group 1-186
2026-07-01 23:00:30,961 INFO o.a.j.t.JMeterThread: Thread finished: Thread Group 1-186
2026-07-01 23:00:30,963 INFO o.a.j.t.JMeterThread: Thread is done: Thread Group 1-179
2026-07-01 23:00:30,964 INFO o.a.j.t.JMeterThread: Thread is done: Thread Group 1-189
2026-07-01 23:00:30,964 INFO o.a.j.t.JMeterThread: Thread finished: Thread Group 1-179
2026-07-01 23:00:30,964 INFO o.a.j.t.JMeterThread: Thread finished: Thread Group 1-189
2026-07-01 23:00:30,964 INFO o.a.j.t.JMeterThread: Thread is done: Thread Group 1-170
2026-07-01 23:00:30,964 INFO o.a.j.t.JMeterThread: Thread finished: Thread Group 1-170
2026-07-01 23:00:30,964 INFO o.a.j.t.JMeterThread: Thread is done: Thread Group 1-126
2026-07-01 23:00:30,964 INFO o.a.j.t.JMeterThread: Thread finished: Thread Group 1-126
2026-07-01 23:00:30,967 INFO o.a.j.t.JMeterThread: Thread is done: Thread Group 1-141
2026-07-01 23:00:30,968 INFO o.a.j.t.JMeterThread: Thread finished: Thread Group 1-141
2026-07-01 23:00:30,968 INFO o.a.j.t.JMeterThread: Thread is done: Thread Group 1-129
2026-07-01 23:00:30,968 INFO o.a.j.t.JMeterThread: Thread finished: Thread Group 1-129
2026-07-01 23:00:30,968 INFO o.a.j.t.JMeterThread: Thread is done: Thread Group 1-145
2026-07-01 23:00:30,968 INFO o.a.j.t.JMeterThread: Thread finished: Thread Group 1-145
2026-07-01 23:00:30,968 INFO o.a.j.t.JMeterThread: Thread is done: Thread Group 1-188
2026-07-01 23:00:30,968 INFO o.a.j.t.JMeterThread: Thread finished: Thread Group 1-188
2026-07-01 23:00:30,968 INFO o.a.j.t.JMeterThread: Thread is done: Thread Group 1-136
2026-07-01 23:00:30,968 INFO o.a.j.t.JMeterThread: Thread finished: Thread Group 1-136
2026-07-01 23:00:30,968 INFO o.a.j.t.JMeterThread: Thread is done: Thread Group 1-185
2026-07-01 23:00:30,968 INFO o.a.j.t.JMeterThread: Thread finished: Thread Group 1-185
2026-07-01 23:00:30,968 INFO o.a.j.t.JMeterThread: Thread is done: Thread Group 1-163
2026-07-01 23:00:30,968 INFO o.a.j.t.JMeterThread: Thread finished: Thread Group 1-163
2026-07-01 23:00:30,969 INFO o.a.j.t.JMeterThread: Thread is done: Thread Group 1-133
2026-07-01 23:00:30,969 INFO o.a.j.t.JMeterThread: Thread finished: Thread Group 1-133
2026-07-01 23:00:30,969 INFO o.a.j.t.JMeterThread: Thread is done: Thread Group 1-171
2026-07-01 23:00:30,969 INFO o.a.j.t.JMeterThread: Thread finished: Thread Group 1-171
2026-07-01 23:00:30,969 INFO o.a.j.t.JMeterThread: Thread is done: Thread Group 1-177
2026-07-01 23:00:30,969 INFO o.a.j.t.JMeterThread: Thread finished: Thread Group 1-177
2026-07-01 23:00:30,970 INFO o.a.j.t.JMeterThread: Thread is done: Thread Group 1-147
2026-07-01 23:00:30,970 INFO o.a.j.t.JMeterThread: Thread finished: Thread Group 1-147
2026-07-01 23:00:30,970 INFO o.a.j.t.JMeterThread: Thread is done: Thread Group 1-182
2026-07-01 23:00:30,970 INFO o.a.j.t.JMeterThread: Thread finished: Thread Group 1-182
2026-07-01 23:00:31,055 INFO o.a.j.t.JMeterThread: Thread is done: Thread Group 1-199
2026-07-01 23:00:31,055 INFO o.a.j.t.JMeterThread: Thread finished: Thread Group 1-199
2026-07-01 23:00:31,149 INFO o.a.j.t.JMeterThread: Thread is done: Thread Group 1-194
2026-07-01 23:00:31,149 INFO o.a.j.t.JMeterThread: Thread finished: Thread Group 1-194
2026-07-01 23:00:31,259 INFO o.a.j.t.JMeterThread: Thread is done: Thread Group 1-139
2026-07-01 23:00:31,259 INFO o.a.j.t.JMeterThread: Thread finished: Thread Group 1-139
2026-07-01 23:04:05,951 INFO o.a.j.r.Summariser: summary =   5710 in 00:02:32 =   37.6/s Avg:  4748 Min:   150 Max:  9930 Err:  5656 (99.05%)
2026-07-01 23:04:06,601 INFO o.a.j.t.JMeterThread: Thread is done: Thread Group 1-172
2026-07-01 23:04:06,601 INFO o.a.j.t.JMeterThread: Thread finished: Thread Group 1-172
2026-07-01 23:04:06,602 INFO o.a.j.e.StandardJMeterEngine: Notifying test listeners of end of test
2026-07-01 23:04:06,602 INFO o.a.j.s.FileServer: Close: ids.csv
2026-07-01 23:04:06,603 INFO o.a.j.r.Summariser: summary +    290 in 00:03:37 =    1.3/s Avg:  2864 Min:     3 Max:  8966 Err:   160 (55.17%) Active: 0 Started: 200 Finished: 200
2026-07-01 23:04:06,604 INFO o.a.j.r.Summariser: summary =   6000 in 00:06:08 =   16.3/s Avg:  4657 Min:     3 Max:  9930 Err:  5816 (96.93%)
2026-07-01 23:04:06,604 INFO o.a.j.JMeter: Generating Dashboard
2026-07-01 23:04:06,604 INFO o.a.j.r.d.ReportGenerator: Flushing result collector before report Generation
2026-07-01 23:04:06,614 INFO o.a.j.r.p.NormalizerSampleConsumer: Using format, 'ms', to parse timeStamp field
2026-07-01 23:04:06,929 INFO o.a.j.r.p.AbstractSampleConsumer: class org.apache.jmeter.report.processor.AggregateConsumer#stopProducing(): beginDate produced 0 samples
2026-07-01 23:04:06,929 INFO o.a.j.r.p.AbstractSampleConsumer: class org.apache.jmeter.report.processor.AggregateConsumer#stopProducing(): endDate produced 0 samples
2026-07-01 23:04:06,931 INFO o.a.j.r.p.AbstractSampleConsumer: class org.apache.jmeter.report.processor.ApdexSummaryConsumer#stopProducing(): apdexSummary produced 0 samples
2026-07-01 23:04:06,931 INFO o.a.j.r.p.AbstractSampleConsumer: class org.apache.jmeter.report.processor.RequestsSummaryConsumer#stopProducing(): requestsSummary produced 0 samples
2026-07-01 23:04:06,938 INFO o.a.j.r.p.AbstractSampleConsumer: class org.apache.jmeter.report.processor.StatisticsSummaryConsumer#stopProducing(): statisticsSummary produced 0 samples
2026-07-01 23:04:06,947 INFO o.a.j.r.p.AbstractSampleConsumer: class org.apache.jmeter.report.processor.Top5ErrorsBySamplerConsumer#stopProducing(): top5ErrorsBySampler produced 0 samples
2026-07-01 23:04:06,950 INFO o.a.j.r.p.AbstractSampleConsumer: class org.apache.jmeter.report.processor.ErrorsSummaryConsumer#stopProducing(): errorsSummary produced 0 samples
2026-07-01 23:04:06,951 INFO o.a.j.r.p.AbstractSampleConsumer: class org.apache.jmeter.report.processor.graph.impl.HitsPerSecondGraphConsumer#stopProducing(): hitsPerSecond produced 0 samples
2026-07-01 23:04:07,009 INFO o.a.j.r.p.AbstractSampleConsumer: class org.apache.jmeter.report.processor.graph.impl.LatencyVSRequestGraphConsumer#stopProducing(): latencyVsRequest produced 0 samples
2026-07-01 23:04:07,010 INFO o.a.j.r.p.AbstractSampleConsumer: class org.apache.jmeter.report.processor.graph.impl.SyntheticResponseTimeDistributionGraphConsumer#stopProducing(): syntheticResponseTimeDistribution produced 0 samples
2026-07-01 23:04:07,010 INFO o.a.j.r.p.AbstractSampleConsumer: class org.apache.jmeter.report.processor.graph.impl.BytesThroughputGraphConsumer#stopProducing(): bytesThroughputOverTime produced 0 samples
2026-07-01 23:04:07,010 INFO o.a.j.r.p.AbstractSampleConsumer: class org.apache.jmeter.report.processor.graph.impl.CodesPerSecondGraphConsumer#stopProducing(): codesPerSecond produced 0 samples
2026-07-01 23:04:07,027 INFO o.a.j.r.p.AbstractSampleConsumer: class org.apache.jmeter.report.processor.graph.impl.ResponseTimeVSRequestGraphConsumer#stopProducing(): responseTimeVsRequest produced 0 samples
2026-07-01 23:04:07,028 INFO o.a.j.r.p.AbstractSampleConsumer: class org.apache.jmeter.report.processor.FilterConsumer#stopProducing(): startIntervalControlerFilter produced 42000 samples
2026-07-01 23:04:07,028 INFO o.a.j.r.p.AbstractSampleConsumer: class org.apache.jmeter.report.processor.graph.impl.TotalTPSGraphConsumer#stopProducing(): totalTPS produced 0 samples
2026-07-01 23:04:07,028 INFO o.a.j.r.p.AbstractSampleConsumer: class org.apache.jmeter.report.processor.graph.impl.ActiveThreadsGraphConsumer#stopProducing(): activeThreadsOverTime produced 0 samples
2026-07-01 23:04:07,028 INFO o.a.j.r.p.AbstractSampleConsumer: class org.apache.jmeter.report.processor.graph.impl.TimeVSThreadGraphConsumer#stopProducing(): timeVsThreads produced 0 samples
2026-07-01 23:04:07,028 INFO o.a.j.r.p.AbstractSampleConsumer: class org.apache.jmeter.report.processor.graph.impl.ResponseTimeDistributionGraphConsumer#stopProducing(): responseTimeDistribution produced 0 samples
2026-07-01 23:04:07,029 INFO o.a.j.r.p.AbstractSampleConsumer: class org.apache.jmeter.report.processor.graph.impl.TransactionsPerSecondGraphConsumer#stopProducing(): transactionsPerSecond produced 0 samples
2026-07-01 23:04:07,029 INFO o.a.j.r.p.AbstractSampleConsumer: class org.apache.jmeter.report.processor.graph.impl.ResponseTimePercentilesGraphConsumer#stopProducing(): responseTimePercentiles produced 0 samples
2026-07-01 23:04:07,033 INFO o.a.j.r.p.AbstractSampleConsumer: class org.apache.jmeter.report.processor.graph.impl.ResponseTimePercentilesOverTimeGraphConsumer#stopProducing(): responseTimePercentilesOverTime produced 0 samples
2026-07-01 23:04:07,033 INFO o.a.j.r.p.AbstractSampleConsumer: class org.apache.jmeter.report.processor.graph.impl.ResponseTimeOverTimeGraphConsumer#stopProducing(): responseTimesOverTime produced 0 samples
2026-07-01 23:04:07,033 INFO o.a.j.r.p.AbstractSampleConsumer: class org.apache.jmeter.report.processor.graph.impl.ConnectTimeOverTimeGraphConsumer#stopProducing(): connectTimeOverTime produced 0 samples
2026-07-01 23:04:07,033 INFO o.a.j.r.p.AbstractSampleConsumer: class org.apache.jmeter.report.processor.graph.impl.LatencyOverTimeGraphConsumer#stopProducing(): latenciesOverTime produced 0 samples
2026-07-01 23:04:07,033 INFO o.a.j.r.p.AbstractSampleConsumer: class org.apache.jmeter.report.processor.FilterConsumer#stopProducing(): nameFilter produced 90000 samples
2026-07-01 23:04:07,033 INFO o.a.j.r.p.AbstractSampleConsumer: class org.apache.jmeter.report.processor.FilterConsumer#stopProducing(): dateRangeFilter produced 18000 samples
2026-07-01 23:04:07,033 INFO o.a.j.r.p.AbstractSampleConsumer: class org.apache.jmeter.report.processor.NormalizerSampleConsumer#stopProducing(): normalizer produced 6000 samples
2026-07-01 23:04:07,034 INFO o.a.j.r.p.CsvFileSampleSource: produce(): 6000 samples produced in 401ms on channel 0
2026-07-01 23:04:07,034 INFO o.a.j.r.d.ReportGenerator: Exporting data using exporter:'json' of className:'org.apache.jmeter.report.dashboard.JsonExporter'
2026-07-01 23:04:07,098 INFO o.a.j.r.d.JsonExporter: Found data for consumer statisticsSummary in context
2026-07-01 23:04:07,098 INFO o.a.j.r.d.JsonExporter: Creating statistics for overall
2026-07-01 23:04:07,099 INFO o.a.j.r.d.JsonExporter: Creating statistics for other transactions
2026-07-01 23:04:07,099 INFO o.a.j.r.d.JsonExporter: Checking output folder
2026-07-01 23:04:07,100 INFO o.a.j.r.d.JsonExporter: Writing statistics JSON to C:\Users\Usuario\Nueva carpeta (2)\jmeter-pruebas\reporte_picos\statistics.json
2026-07-01 23:04:07,133 INFO o.a.j.r.d.ReportGenerator: Exporting data using exporter:'html' of className:'org.apache.jmeter.report.dashboard.HtmlTemplateExporter'
2026-07-01 23:04:07,135 INFO o.a.j.r.d.HtmlTemplateExporter: Will generate dashboard in folder: C:\Users\Usuario\Nueva carpeta (2)\jmeter-pruebas\reporte_picos
2026-07-01 23:04:07,247 INFO o.a.j.r.d.HtmlTemplateExporter: Report will be generated in: C:\Users\Usuario\Nueva carpeta (2)\jmeter-pruebas\reporte_picos, creating folder structure
2026-07-01 23:04:07,249 INFO o.a.j.r.d.TemplateVisitor: Copying folder from 'C:\apache-jmeter-5.6.3\bin\report-template' to 'C:\Users\Usuario\Nueva carpeta (2)\jmeter-pruebas\reporte_picos', got message: C:\Users\Usuario\Nueva carpeta (2)\jmeter-pruebas\reporte_picos, found non empty folder with following content [C:\Users\Usuario\Nueva carpeta (2)\jmeter-pruebas\reporte_picos\statistics.json], will be ignored
2026-07-01 23:04:07,514 INFO o.a.j.JMeter: Dashboard generated
